Determining if the pthread_create exist failed with the following output:
Change Dir: /home/murat/pose_ws/build/CMakeFiles/CMakeTmp

Run Build Command:"/usr/bin/make" "cmTryCompileExec3354320390/fast"
/usr/bin/make -f CMakeFiles/cmTryCompileExec3354320390.dir/build.make CMakeFiles/cmTryCompileExec3354320390.dir/build
make[1]: Entering directory `/home/murat/pose_ws/build/CMakeFiles/CMakeTmp'
/usr/bin/cmake -E cmake_progress_report /home/murat/pose_ws/build/CMakeFiles/CMakeTmp/CMakeFiles 1
Building C object CMakeFiles/cmTryCompileExec3354320390.dir/CheckSymbolExists.c.o
/usr/bin/cc    -o CMakeFiles/cmTryCompileExec3354320390.dir/CheckSymbolExists.c.o   -c /home/murat/pose_ws/build/CMakeFiles/CMakeTmp/CheckSymbolExists.c
Linking C executable cmTryCompileExec3354320390
/usr/bin/cmake -E cmake_link_script CMakeFiles/cmTryCompileExec3354320390.dir/link.txt --verbose=1
/usr/bin/cc       CMakeFiles/cmTryCompileExec3354320390.dir/CheckSymbolExists.c.o  -o cmTryCompileExec3354320390 -rdynamic 
CMakeFiles/cmTryCompileExec3354320390.dir/CheckSymbolExists.c.o: In function `main':
CheckSymbolExists.c:(.text+0x16): undefined reference to `pthread_create'
collect2: error: ld returned 1 exit status
make[1]: *** [cmTryCompileExec3354320390] Error 1
make[1]: Leaving directory `/home/murat/pose_ws/build/CMakeFiles/CMakeTmp'
make: *** [cmTryCompileExec3354320390/fast] Error 2

File /home/murat/pose_ws/build/CMakeFiles/CMakeTmp/CheckSymbolExists.c:
/* */
#include <pthread.h>

int main(int argc, char** argv)
{
  (void)argv;
#ifndef pthread_create
  return ((int*)(&pthread_create))[argc];
#else
  (void)argc;
  return 0;
#endif
}

Determining if the function pthread_create exists in the pthreads failed with the following output:
Change Dir: /home/murat/pose_ws/build/CMakeFiles/CMakeTmp

Run Build Command:"/usr/bin/make" "cmTryCompileExec2421791694/fast"
/usr/bin/make -f CMakeFiles/cmTryCompileExec2421791694.dir/build.make CMakeFiles/cmTryCompileExec2421791694.dir/build
make[1]: Entering directory `/home/murat/pose_ws/build/CMakeFiles/CMakeTmp'
/usr/bin/cmake -E cmake_progress_report /home/murat/pose_ws/build/CMakeFiles/CMakeTmp/CMakeFiles 1
Building C object CMakeFiles/cmTryCompileExec2421791694.dir/CheckFunctionExists.c.o
/usr/bin/cc   -DCHECK_FUNCTION_EXISTS=pthread_create   -o CMakeFiles/cmTryCompileExec2421791694.dir/CheckFunctionExists.c.o   -c /usr/share/cmake-3.2/Modules/CheckFunctionExists.c
Linking C executable cmTryCompileExec2421791694
/usr/bin/cmake -E cmake_link_script CMakeFiles/cmTryCompileExec2421791694.dir/link.txt --verbose=1
/usr/bin/cc   -DCHECK_FUNCTION_EXISTS=pthread_create    CMakeFiles/cmTryCompileExec2421791694.dir/CheckFunctionExists.c.o  -o cmTryCompileExec2421791694 -rdynamic -lpthreads 
/usr/bin/ld: cannot find -lpthreads
collect2: error: ld returned 1 exit status
make[1]: *** [cmTryCompileExec2421791694] Error 1
make[1]: Leaving directory `/home/murat/pose_ws/build/CMakeFiles/CMakeTmp'
make: *** [cmTryCompileExec2421791694/fast] Error 2


